<?xml version="1.0" encoding="UTF-8"?>
<!-- Generated by org.testng.reporters.JUnitXMLReporter -->
<testsuite hostname="BAPANDEVI1" ignored="1" name="TestNG Demo" tests="12" failures="1" timestamp="03 Dec 2018 10:31:47 GMT" time="2.221" errors="0">
  <testcase name="Invocation" time="0.011" classname="TestNG.InvocationCountDemo"/>
  <testcase name="Invocation" time="0.002" classname="TestNG.InvocationCountDemo"/>
  <testcase name="Invocation" time="0.002" classname="TestNG.InvocationCountDemo"/>
  <testcase name="Invocation" time="0.002" classname="TestNG.InvocationCountDemo"/>
  <testcase name="Invocation" time="0.002" classname="TestNG.InvocationCountDemo"/>
  <testcase name="Invocation" time="0.002" classname="TestNG.InvocationCountDemo"/>
  <testcase name="Invocation" time="0.002" classname="TestNG.InvocationCountDemo"/>
  <testcase name="Invocation" time="0.002" classname="TestNG.InvocationCountDemo"/>
  <testcase name="Invocation" time="0.002" classname="TestNG.InvocationCountDemo"/>
  <testcase name="Invocation" time="0.002" classname="TestNG.InvocationCountDemo"/>
  <testcase name="SkipDemo" time="0.002" classname="TestNG.SkipTestNGDemo"/>
  <testcase name="timeout" time="2.026" classname="TestNG.TimeOutTestNgDemo">
    <failure type="org.testng.internal.thread.ThreadTimeoutException" message="Method TestNG.TimeOutTestNgDemo.timeout() didn&amp;apos;t finish within the time-out 2000">
      <![CDATA[org.testng.internal.thread.ThreadTimeoutException: Method TestNG.TimeOutTestNgDemo.timeout() didn't finish within the time-out 2000
at java.io.FileOutputStream.writeBytes(Native Method)
at java.io.FileOutputStream.write(Unknown Source)
at java.io.BufferedOutputStream.flushBuffer(Unknown Source)
at java.io.BufferedOutputStream.flush(Unknown Source)
at java.io.PrintStream.write(Unknown Source)
at sun.nio.cs.StreamEncoder.writeBytes(Unknown Source)
at sun.nio.cs.StreamEncoder.implFlushBuffer(Unknown Source)
at sun.nio.cs.StreamEncoder.flushBuffer(Unknown Source)
at java.io.OutputStreamWriter.flushBuffer(Unknown Source)
at java.io.PrintStream.newLine(Unknown Source)
at java.io.PrintStream.println(Unknown Source)
at TestNG.TimeOutTestNgDemo.timeout(TimeOutTestNgDemo.java:14)
at java.util.concurrent.Executors$RunnableAdapter.call(Unknown Source)
at java.util.concurrent.FutureTask.run(Unknown Source)
at java.util.concurrent.ThreadPoolExecutor.runWorker(Unknown Source)
at java.util.concurrent.ThreadPoolExecutor$Worker.run(Unknown Source)
at java.lang.Thread.run(Unknown Source)
... Removed 7 stack frames]]>
    </failure>
  </testcase> <!-- timeout -->
  <testcase name="SkipDemo1" time="0.0" classname="TestNG.SkipTestNGDemo">
    <ignored/>
  </testcase> <!-- SkipDemo1 -->
</testsuite> <!-- TestNG Demo -->
