<?xml version="1.0" encoding="UTF-8"?>
<!-- Generated by org.testng.reporters.JUnitXMLReporter -->
<testsuite hostname="BAPANDEVI1" ignored="2" name="Default test(failed)" tests="1" failures="1" timestamp="28 Nov 2018 15:32:17 GMT" time="0.11" errors="0">
  <testcase name="test1" time="0.014" classname="TestNG.DemoTestNG">
    <failure type="java.lang.ArithmeticException" message="/ by zero">
      <![CDATA[java.lang.ArithmeticException: / by zero
at TestNG.DemoTestNG.test1(DemoTestNG.java:44)
... Removed 25 stack frames]]>
    </failure>
  </testcase> <!-- test1 -->
  <testcase name="tes3" time="0.0" classname="TestNG.DemoTestNG">
    <ignored/>
  </testcase> <!-- tes3 -->
  <testcase name="test2" time="0.0" classname="TestNG.DemoTestNG">
    <ignored/>
  </testcase> <!-- test2 -->
</testsuite> <!-- Default test(failed) -->
