<?xml version="1.0" encoding="UTF-8"?>
<testng-results skipped="0" failed="0" ignored="0" total="1" passed="1">
  <reporter-output>
  </reporter-output>
  <suite name="Default suite" duration-ms="72208" started-at="2019-02-24T14:42:35Z" finished-at="2019-02-24T14:43:47Z">
    <groups>
    </groups>
    <test name="Default test" duration-ms="72208" started-at="2019-02-24T14:42:35Z" finished-at="2019-02-24T14:43:47Z">
      <class name="MavenCode.MavenCode.TestCase1">
        <test-method status="PASS" signature="setup()[pri:0, instance:MavenCode.MavenCode.TestCase1@1536d79]" name="setup" is-config="true" duration-ms="61165" started-at="2019-02-24T20:12:35Z" finished-at="2019-02-24T20:13:36Z">
          <reporter-output>
          </reporter-output>
        </test-method> <!-- setup -->
        <test-method status="PASS" signature="Test1()[pri:0, instance:MavenCode.MavenCode.TestCase1@1536d79]" name="Test1" duration-ms="7061" started-at="2019-02-24T20:13:36Z" finished-at="2019-02-24T20:13:43Z">
          <reporter-output>
          </reporter-output>
        </test-method> <!-- Test1 -->
        <test-method status="PASS" signature="close()[pri:0, instance:MavenCode.MavenCode.TestCase1@1536d79]" name="close" is-config="true" duration-ms="3892" started-at="2019-02-24T20:13:43Z" finished-at="2019-02-24T20:13:47Z">
          <reporter-output>
          </reporter-output>
        </test-method> <!-- close -->
      </class> <!-- MavenCode.MavenCode.TestCase1 -->
    </test> <!-- Default test -->
  </suite> <!-- Default suite -->
</testng-results>
