<?xml version="1.0" encoding="UTF-8"?>
<!-- Generated by org.testng.reporters.JUnitXMLReporter -->
<testsuite hostname="BAPANDEVI1" ignored="1" name="TestNG" tests="4" failures="0" timestamp="29 Nov 2018 14:05:10 GMT" time="0.13" errors="0">
  <testcase name="SkipDemo" time="0.02" classname="TestNG.SkipTestNGDemo"/>
  <testcase name="test1" time="0.0" classname="TestNG.DemoTestNG"/>
  <testcase name="test2" time="0.0" classname="TestNG.DemoTestNG"/>
  <testcase name="tes3" time="0.01" classname="TestNG.DemoTestNG"/>
  <testcase name="SkipDemo1" time="0.0" classname="TestNG.SkipTestNGDemo">
    <ignored/>
  </testcase> <!-- SkipDemo1 -->
</testsuite> <!-- TestNG -->
