<?xml version="1.0" encoding="UTF-8"?>
<testng-results skipped="0" failed="0" ignored="0" total="1" passed="1">
  <reporter-output>
  </reporter-output>
  <suite name="MavenCode.MavenCode.TestCase1" duration-ms="31361" started-at="2019-01-03T09:33:50Z" finished-at="2019-01-03T09:34:21Z">
    <groups>
    </groups>
    <test name="Command line test" duration-ms="31361" started-at="2019-01-03T09:33:50Z" finished-at="2019-01-03T09:34:21Z">
      <class name="MavenCode.MavenCode.TestCase1">
        <test-method status="PASS" signature="setup()[pri:0, instance:MavenCode.MavenCode.TestCase1@43840]" name="setup" is-config="true" duration-ms="9567" started-at="2019-01-03T15:03:50Z" finished-at="2019-01-03T15:04:00Z">
          <reporter-output>
          </reporter-output>
        </test-method> <!-- setup -->
        <test-method status="PASS" signature="Test1()[pri:0, instance:MavenCode.MavenCode.TestCase1@43840]" name="Test1" duration-ms="2075" started-at="2019-01-03T15:04:00Z" finished-at="2019-01-03T15:04:02Z">
          <reporter-output>
          </reporter-output>
        </test-method> <!-- Test1 -->
        <test-method status="PASS" signature="close()[pri:0, instance:MavenCode.MavenCode.TestCase1@43840]" name="close" is-config="true" duration-ms="19665" started-at="2019-01-03T15:04:02Z" finished-at="2019-01-03T15:04:21Z">
          <reporter-output>
          </reporter-output>
        </test-method> <!-- close -->
      </class> <!-- MavenCode.MavenCode.TestCase1 -->
    </test> <!-- Command line test -->
  </suite> <!-- MavenCode.MavenCode.TestCase1 -->
</testng-results>
