<?xml version="1.0" encoding="UTF-8"?>
<testng-results skipped="0" failed="0" total="1" passed="1">
  <reporter-output>
  </reporter-output>
  <suite name="Default suite" duration-ms="39677" started-at="2018-12-26T09:39:38Z" finished-at="2018-12-26T09:40:17Z">
    <groups>
    </groups>
    <test name="Default test" duration-ms="39677" started-at="2018-12-26T09:39:38Z" finished-at="2018-12-26T09:40:17Z">
      <class name="com.test.FirstTest">
        <test-method status="PASS" signature="TC_1()[pri:0, instance:com.test.FirstTest@17e1986]" name="TC_1" duration-ms="39620" started-at="2018-12-26T15:09:38Z" finished-at="2018-12-26T15:10:17Z">
          <reporter-output>
          </reporter-output>
        </test-method> <!-- TC_1 -->
      </class> <!-- com.test.FirstTest -->
    </test> <!-- Default test -->
  </suite> <!-- Default suite -->
</testng-results>
